#202 Duplicate Label BF  p16f1847.inc Line#661
#202 Duplicate Label UA  p16f1847.inc Line#662
#202 Duplicate Label R_NOT_W  p16f1847.inc Line#663
#202 Duplicate Label S  p16f1847.inc Line#664
#202 Duplicate Label P  p16f1847.inc Line#665
#202 Duplicate Label D_NOT_A  p16f1847.inc Line#666
#202 Duplicate Label CKE  p16f1847.inc Line#667
#202 Duplicate Label SMP  p16f1847.inc Line#668
#202 Duplicate Label SSPM0  p16f1847.inc Line#681
#202 Duplicate Label SSPM1  p16f1847.inc Line#682
#202 Duplicate Label SSPM2  p16f1847.inc Line#683
#202 Duplicate Label SSPM3  p16f1847.inc Line#684
#202 Duplicate Label CKP  p16f1847.inc Line#685
#202 Duplicate Label SSPEN  p16f1847.inc Line#686
#202 Duplicate Label SSPOV  p16f1847.inc Line#687
#202 Duplicate Label WCOL  p16f1847.inc Line#688
#202 Duplicate Label SSPM0  p16f1847.inc Line#691
#202 Duplicate Label SSPM1  p16f1847.inc Line#692
#202 Duplicate Label SSPM2  p16f1847.inc Line#693
#202 Duplicate Label SSPM3  p16f1847.inc Line#694
#202 Duplicate Label CKP  p16f1847.inc Line#695
#202 Duplicate Label SSPEN  p16f1847.inc Line#696
#202 Duplicate Label SSPOV  p16f1847.inc Line#697
#202 Duplicate Label WCOL  p16f1847.inc Line#698
#202 Duplicate Label SEN  p16f1847.inc Line#711
#202 Duplicate Label RSEN  p16f1847.inc Line#712
#202 Duplicate Label PEN  p16f1847.inc Line#713
#202 Duplicate Label RCEN  p16f1847.inc Line#714
#202 Duplicate Label ACKEN  p16f1847.inc Line#715
#202 Duplicate Label ACKDT  p16f1847.inc Line#716
#202 Duplicate Label ACKSTAT  p16f1847.inc Line#717
#202 Duplicate Label GCEN  p16f1847.inc Line#718
#202 Duplicate Label DHEN  p16f1847.inc Line#731
#202 Duplicate Label AHEN  p16f1847.inc Line#732
#202 Duplicate Label SBCDE  p16f1847.inc Line#733
#202 Duplicate Label SDAHT  p16f1847.inc Line#734
#202 Duplicate Label BOEN  p16f1847.inc Line#735
#202 Duplicate Label SCIE  p16f1847.inc Line#736
#202 Duplicate Label PCIE  p16f1847.inc Line#737
#202 Duplicate Label ACKTIM  p16f1847.inc Line#738
#202 Duplicate Label BF  p16f1847.inc Line#741
#202 Duplicate Label UA  p16f1847.inc Line#742
#202 Duplicate Label R_NOT_W  p16f1847.inc Line#743
#202 Duplicate Label S  p16f1847.inc Line#744
#202 Duplicate Label P  p16f1847.inc Line#745
#202 Duplicate Label D_NOT_A  p16f1847.inc Line#746
#202 Duplicate Label CKE  p16f1847.inc Line#747
#202 Duplicate Label SMP  p16f1847.inc Line#748
#202 Duplicate Label SSPM0  p16f1847.inc Line#751
#202 Duplicate Label SSPM1  p16f1847.inc Line#752
#202 Duplicate Label SSPM2  p16f1847.inc Line#753
#202 Duplicate Label SSPM3  p16f1847.inc Line#754
#202 Duplicate Label CKP  p16f1847.inc Line#755
#202 Duplicate Label SSPEN  p16f1847.inc Line#756
#202 Duplicate Label SSPOV  p16f1847.inc Line#757
#202 Duplicate Label WCOL  p16f1847.inc Line#758
#202 Duplicate Label SEN  p16f1847.inc Line#761
#202 Duplicate Label RSEN  p16f1847.inc Line#762
#202 Duplicate Label PEN  p16f1847.inc Line#763
#202 Duplicate Label RCEN  p16f1847.inc Line#764
#202 Duplicate Label ACKEN  p16f1847.inc Line#765
#202 Duplicate Label ACKDT  p16f1847.inc Line#766
#202 Duplicate Label ACKSTAT  p16f1847.inc Line#767
#202 Duplicate Label GCEN  p16f1847.inc Line#768
#202 Duplicate Label DHEN  p16f1847.inc Line#771
#202 Duplicate Label AHEN  p16f1847.inc Line#772
#202 Duplicate Label SBCDE  p16f1847.inc Line#773
#202 Duplicate Label SDAHT  p16f1847.inc Line#774
#202 Duplicate Label BOEN  p16f1847.inc Line#775
#202 Duplicate Label SCIE  p16f1847.inc Line#776
#202 Duplicate Label PCIE  p16f1847.inc Line#777
#202 Duplicate Label ACKTIM  p16f1847.inc Line#778
#202 Duplicate Label PSS1BD0  p16f1847.inc Line#811
#202 Duplicate Label PSS1BD1  p16f1847.inc Line#812
#202 Duplicate Label PSS1AC0  p16f1847.inc Line#813
#202 Duplicate Label PSS1AC1  p16f1847.inc Line#814
#202 Duplicate Label CCP1AS0  p16f1847.inc Line#815
#202 Duplicate Label CCP1AS1  p16f1847.inc Line#816
#202 Duplicate Label CCP1AS2  p16f1847.inc Line#817
#202 Duplicate Label CCP1ASE  p16f1847.inc Line#818
#202 Duplicate Label PSS2BD0  p16f1847.inc Line#858
#202 Duplicate Label PSS2BD1  p16f1847.inc Line#859
#202 Duplicate Label PSS2AC0  p16f1847.inc Line#860
#202 Duplicate Label PSS2AC1  p16f1847.inc Line#861
#202 Duplicate Label CCP2AS0  p16f1847.inc Line#862
#202 Duplicate Label CCP2AS1  p16f1847.inc Line#863
#202 Duplicate Label CCP2AS2  p16f1847.inc Line#864
#202 Duplicate Label CCP2ASE  p16f1847.inc Line#865
#202 Duplicate Label C1TSEL0  p16f1847.inc Line#885
#202 Duplicate Label C1TSEL1  p16f1847.inc Line#886
#202 Duplicate Label C2TSEL0  p16f1847.inc Line#887
#202 Duplicate Label C2TSEL1  p16f1847.inc Line#888
#202 Duplicate Label C3TSEL0  p16f1847.inc Line#889
#202 Duplicate Label C3TSEL1  p16f1847.inc Line#890
#202 Duplicate Label C4TSEL0  p16f1847.inc Line#891
#202 Duplicate Label C4TSEL1  p16f1847.inc Line#892
#106 Unprocessed Opcode SKPNZ  SerialServo.asm Line#585
#106 Unprocessed Opcode SKPZ  SerialServo.asm Line#602
#106 Unprocessed Opcode SKPZ  SerialServo.asm Line#613
#106 Unprocessed Opcode SKPNZ  SerialServo.asm Line#621
#106 Unprocessed Opcode SKPNZ  SerialServo.asm Line#628
#106 Unprocessed Opcode SKPZ  SerialServo.asm Line#651
#106 Unprocessed Opcode SKPZ  SerialServo.asm Line#672
#106 Unprocessed Opcode SKPZ  SerialServo.asm Line#683
#106 Unprocessed Opcode SKPNZ  SerialServo.asm Line#691
#106 Unprocessed Opcode SKPNZ  SerialServo.asm Line#698
#106 Unprocessed Opcode SKPZ  SerialServo.asm Line#721
#106 Unprocessed Opcode SKPZ  F1847_Common.inc Line#112
#106 Unprocessed Opcode SKPZ  F1847_Common.inc Line#130
#106 Unprocessed Opcode SKPNZ  F1847_Common.inc Line#154
#106 Unprocessed Opcode SKPNZ  MagEncoder.inc Line#95
#106 Unprocessed Opcode SKPZ  MagEncoder.inc Line#106
#106 Unprocessed Opcode SKPNZ  MagEncoder.inc Line#117
#106 Unprocessed Opcode SKPNZ  MagEncoder.inc Line#126
#106 Unprocessed Opcode SKPNZ  MagEncoder.inc Line#133
#106 Unprocessed Opcode SKPNZ  MagEncoder.inc Line#207
#106 Unprocessed Opcode SKPZ  SerBuff1938.inc Line#158
#106 Unprocessed Opcode SKPNZ  SerBuff1938.inc Line#209
#106 Unprocessed Opcode SKPNZ  SerBuff1938.inc Line#287
#106 Unprocessed Opcode SKPNZ  SerBuff1938.inc Line#303
#106 Unprocessed Opcode SKPNZ  RS232_Parse.inc Line#115
#106 Unprocessed Opcode SKPZ  RS232_Parse.inc Line#120
#106 Unprocessed Opcode SKPZ  RS232_Parse.inc Line#139
#106 Unprocessed Opcode SKPNZ  RS232_Parse.inc Line#143
#106 Unprocessed Opcode SKPZ  RS232_Parse.inc Line#151
#106 Unprocessed Opcode SKPZ  RS232_Parse.inc Line#170
#106 Unprocessed Opcode SKPZ  RS232_Parse.inc Line#206
#106 Unprocessed Opcode SKPZ  RS232_Parse.inc Line#246
#106 Unprocessed Opcode SKPZ  RS232_Parse.inc Line#259
#106 Unprocessed Opcode SKPZ  SerialServo.asm Line#858
#106 Unprocessed Opcode SKPNZ  SerialServo.asm Line#1114
#106 Unprocessed Opcode SKPNZ  SerialServo.asm Line#1128
#106 Unprocessed Opcode SKPZ  SerialServo.asm Line#1153
#106 Unprocessed Opcode SKPNZ  SerialServo.asm Line#1287
#106 Unprocessed Opcode SKPNZ  SerialServo.asm Line#1301
#106 Unprocessed Opcode SKPZ  SerialServo.asm Line#1326
#106 Unprocessed Opcode SKPNZ  SerialServo.asm Line#1378
#106 Unprocessed Opcode SKPNZ  SerialServo.asm Line#1392
#106 Unprocessed Opcode SKPZ  SerialServo.asm Line#1429
#106 Unprocessed Opcode SKPNZ  SerialServo.asm Line#1466
#106 Unprocessed Opcode SKPNZ  SerialServo.asm Line#1527
#106 Unprocessed Opcode SKPZ  SerialServo.asm Line#1535
#106 Unprocessed Opcode SKPNZ  SerialServo.asm Line#1539
#106 Unprocessed Opcode SKPZ  SerialServo.asm Line#1545
#106 Unprocessed Opcode SKPNZ  SerialServo.asm Line#1549
#106 Unprocessed Opcode SKPNZ  SerialServo.asm Line#1554
#106 Unprocessed Opcode SKPNZ  SerialServo.asm Line#1574
#106 Unprocessed Opcode SKPNZ  SerialServo.asm Line#1582
#106 Unprocessed Opcode SKPNZ  SerialServo.asm Line#1590
#106 Unprocessed Opcode SKPZ  SerialServo.asm Line#1644
#106 Unprocessed Opcode SKPNZ  SerialServo.asm Line#1648
#106 Unprocessed Opcode SKPZ  SerialServo.asm Line#1729
#106 Unprocessed Opcode SKPNZ  SerialServo.asm Line#1733
#106 Unprocessed Opcode SKPZ  SerialServo.asm Line#1743
#106 Unprocessed Opcode SKPZ  SerialServoCmds.inc Line#107
#106 Unprocessed Opcode SKPZ  SerialServoCmds.inc Line#124
#106 Unprocessed Opcode SKPZ  SerialServoCmds.inc Line#135
#106 Unprocessed Opcode SKPZ  SerialServoCmds.inc Line#148
#106 Unprocessed Opcode SKPZ  SerialServoCmds.inc Line#161
#106 Unprocessed Opcode SKPZ  SerialServoCmds.inc Line#172
#106 Unprocessed Opcode SKPZ  SerialServoCmds.inc Line#183
#106 Unprocessed Opcode SKPZ  SerialServoCmds.inc Line#196
#106 Unprocessed Opcode SKPZ  SerialServoCmds.inc Line#209
#106 Unprocessed Opcode SKPZ  SerialServoCmds.inc Line#222
#106 Unprocessed Opcode SKPZ  SerialServoCmds.inc Line#235
#106 Unprocessed Opcode SKPZ  SerialServoCmds.inc Line#248
#106 Unprocessed Opcode SKPZ  SerialServoCmds.inc Line#261
#106 Unprocessed Opcode SKPZ  SerialServoCmds.inc Line#274
#106 Unprocessed Opcode SKPZ  SerialServoCmds.inc Line#287
#106 Unprocessed Opcode SKPNZ  SerialServoCmds.inc Line#292
#106 Unprocessed Opcode SKPZ  SerialServoCmds.inc Line#299
#106 Unprocessed Opcode SKPZ  SerialServoCmds.inc Line#308
#106 Unprocessed Opcode SKPNZ  SerialServoCmds.inc Line#313
#106 Unprocessed Opcode SKPZ  SerialServoCmds.inc Line#320
#106 Unprocessed Opcode SKPZ  SerialServoCmds.inc Line#330
#106 Unprocessed Opcode SKPZ  SerialServoCmds.inc Line#341
#106 Unprocessed Opcode SKPZ  SerialServoCmds.inc Line#352
#106 Unprocessed Opcode SKPZ  SerialServoCmds.inc Line#362
#106 Unprocessed Opcode SKPZ  SerialServoCmds.inc Line#371
#106 Unprocessed Opcode SKPNZ  SerialServoCmds.inc Line#376
#106 Unprocessed Opcode SKPZ  SerialServoCmds.inc Line#383
#106 Unprocessed Opcode SKPZ  SerialServoCmds.inc Line#392
#106 Unprocessed Opcode SKPZ  SerialServoCmds.inc Line#401
#106 Unprocessed Opcode SKPZ  SerialServoCmds.inc Line#410
#106 Unprocessed Opcode SKPNZ  SerialServoCmds.inc Line#415
#106 Unprocessed Opcode SKPZ  SerialServoCmds.inc Line#422
#106 Unprocessed Opcode SKPZ  SerialServoCmds.inc Line#431
#106 Unprocessed Opcode SKPZ  SerialServoCmds.inc Line#442
#106 Unprocessed Opcode SKPZ  SerialServoCmds.inc Line#453
#106 Unprocessed Opcode SKPZ  SerialServoCmds.inc Line#474
#106 Unprocessed Opcode SKPZ  SerialServoCmds.inc Line#496
#106 Unprocessed Opcode SKPZ  SerialServoCmds.inc Line#537
#106 Unprocessed Opcode SKPZ  SerialServoCmds.inc Line#577
#106 Unprocessed Opcode SKPZ  SerialServoCmds.inc Line#592
#106 Unprocessed Opcode SKPZ  SerialServoCmds.inc Line#600
#106 Unprocessed Opcode SKPZ  SerialServoCmds.inc Line#618
#106 Unprocessed Opcode SKPZ  SerialServoCmds.inc Line#630
#106 Unprocessed Opcode SKPZ  SerialServoCmds.inc Line#642
#106 Unprocessed Opcode SKPZ  SerialServoCmds.inc Line#656
#106 Unprocessed Opcode SKPZ  SerialServoCmds.inc Line#669
#106 Unprocessed Opcode SKPZ  SerialServoCmds.inc Line#688
#106 Unprocessed Opcode SKPZ  SerialServoCmds.inc Line#696
#106 Unprocessed Opcode SKPZ  SerialServoCmds.inc Line#704
#106 Unprocessed Opcode SKPZ  SerialServoCmds.inc Line#730
#106 Unprocessed Opcode SKPZ  SerialServoCmds.inc Line#752
#106 Unprocessed Opcode SKPZ  SerialServoCmds.inc Line#759
#106 Unprocessed Opcode SKPZ  SerialServoCmds.inc Line#769
#106 Unprocessed Opcode SKPZ  SerialServoCmds.inc Line#779
#106 Unprocessed Opcode SKPZ  SerialServoCmds.inc Line#789
#106 Unprocessed Opcode SKPNZ  SerialServoCmds.inc Line#795
#106 Unprocessed Opcode SKPZ  BootLoader.inc Line#121
#106 Unprocessed Opcode SKPZ  BootLoader.inc Line#163
#106 Unprocessed Opcode SKPNZ  BootLoader.inc Line#171
#106 Unprocessed Opcode SKPZ  BootLoader.inc Line#208
#106 Unprocessed Opcode SKPZ  BootLoader.inc Line#227
#106 Unprocessed Opcode SKPZ  BootLoader.inc Line#237
#106 Unprocessed Opcode SKPZ  BootLoader.inc Line#247
#106 Unprocessed Opcode SKPNZ  BootLoader.inc Line#255
#106 Unprocessed Opcode SKPZ  BootLoader.inc Line#261
#106 Unprocessed Opcode SKPZ  BootLoader.inc Line#271
#106 Unprocessed Opcode SKPZ  BootLoader.inc Line#277
#106 Unprocessed Opcode SKPZ  BootLoader.inc Line#284
#106 Unprocessed Opcode SKPZ  BootLoader.inc Line#297
#106 Unprocessed Opcode SKPZ  BootLoader.inc Line#308
#106 Unprocessed Opcode SKPZ  BootLoader.inc Line#319
#106 Unprocessed Opcode SKPZ  BootLoader.inc Line#344
#106 Unprocessed Opcode SKPZ  BootLoader.inc Line#361
#106 Unprocessed Opcode SKPNZ  BootLoader.inc Line#370
#106 Unprocessed Opcode SKPNZ  BootLoader.inc Line#415
#106 Unprocessed Opcode SKPZ  BootLoader.inc Line#479
#106 Unprocessed Opcode SKPZ  BootLoader.inc Line#557
#106 Unprocessed Opcode SKPZ  BootLoader.inc Line#562
#106 Unprocessed Opcode SKPZ  BootLoader.inc Line#583
#106 Unprocessed Opcode SKPZ  BootLoader.inc Line#586
#106 Unprocessed Opcode SKPZ  BootLoader.inc Line#594
#106 Unprocessed Opcode SKPZ  BootLoader.inc Line#598
#106 Unprocessed Opcode SKPNZ  SerialServo.asm Line#585
#106 Unprocessed Opcode SKPZ  SerialServo.asm Line#602
#106 Unprocessed Opcode SKPZ  SerialServo.asm Line#613
#106 Unprocessed Opcode SKPNZ  SerialServo.asm Line#621
#106 Unprocessed Opcode SKPNZ  SerialServo.asm Line#628
#106 Unprocessed Opcode SKPZ  SerialServo.asm Line#651
#106 Unprocessed Opcode SKPZ  SerialServo.asm Line#672
#106 Unprocessed Opcode SKPZ  SerialServo.asm Line#683
#106 Unprocessed Opcode SKPNZ  SerialServo.asm Line#691
#106 Unprocessed Opcode SKPNZ  SerialServo.asm Line#698
#106 Unprocessed Opcode SKPZ  SerialServo.asm Line#721
#106 Unprocessed Opcode SKPZ  F1847_Common.inc Line#112
#106 Unprocessed Opcode SKPZ  F1847_Common.inc Line#130
#106 Unprocessed Opcode SKPNZ  F1847_Common.inc Line#154
#106 Unprocessed Opcode SKPNZ  MagEncoder.inc Line#95
#106 Unprocessed Opcode SKPZ  MagEncoder.inc Line#106
#106 Unprocessed Opcode SKPNZ  MagEncoder.inc Line#117
#106 Unprocessed Opcode SKPNZ  MagEncoder.inc Line#126
#106 Unprocessed Opcode SKPNZ  MagEncoder.inc Line#133
#106 Unprocessed Opcode SKPNZ  MagEncoder.inc Line#207
#106 Unprocessed Opcode SKPZ  SerBuff1938.inc Line#158
#106 Unprocessed Opcode SKPNZ  SerBuff1938.inc Line#209
#106 Unprocessed Opcode SKPNZ  SerBuff1938.inc Line#287
#106 Unprocessed Opcode SKPNZ  SerBuff1938.inc Line#303
#106 Unprocessed Opcode SKPNZ  RS232_Parse.inc Line#115
#106 Unprocessed Opcode SKPZ  RS232_Parse.inc Line#120
#106 Unprocessed Opcode SKPZ  RS232_Parse.inc Line#139
#106 Unprocessed Opcode SKPNZ  RS232_Parse.inc Line#143
#106 Unprocessed Opcode SKPZ  RS232_Parse.inc Line#151
#106 Unprocessed Opcode SKPZ  RS232_Parse.inc Line#170
#106 Unprocessed Opcode SKPZ  RS232_Parse.inc Line#206
#106 Unprocessed Opcode SKPZ  RS232_Parse.inc Line#246
#106 Unprocessed Opcode SKPZ  RS232_Parse.inc Line#259
#106 Unprocessed Opcode SKPZ  SerialServo.asm Line#858
Warning:#109 Destination required!  Defaulting to 1 (File)  SerialServo.asm Line#1030
Warning:#109 Destination required!  Defaulting to 1 (File)  SerialServo.asm Line#1055
Warning:#109 Destination required!  Defaulting to 1 (File)  SerialServo.asm Line#1078
#106 Unprocessed Opcode SKPNZ  SerialServo.asm Line#1114
#106 Unprocessed Opcode SKPNZ  SerialServo.asm Line#1128
#106 Unprocessed Opcode SKPZ  SerialServo.asm Line#1153
#106 Unprocessed Opcode SKPNZ  SerialServo.asm Line#1287
#106 Unprocessed Opcode SKPNZ  SerialServo.asm Line#1301
#106 Unprocessed Opcode SKPZ  SerialServo.asm Line#1326
#106 Unprocessed Opcode SKPNZ  SerialServo.asm Line#1378
#106 Unprocessed Opcode SKPNZ  SerialServo.asm Line#1392
#106 Unprocessed Opcode SKPZ  SerialServo.asm Line#1429
#105 Unrecognized Symbol f  SerialServo.asm Line#1465
#106 Unprocessed Opcode SKPNZ  SerialServo.asm Line#1466
#106 Unprocessed Opcode SKPNZ  SerialServo.asm Line#1527
#106 Unprocessed Opcode SKPZ  SerialServo.asm Line#1535
#106 Unprocessed Opcode SKPNZ  SerialServo.asm Line#1539
#106 Unprocessed Opcode SKPZ  SerialServo.asm Line#1545
#106 Unprocessed Opcode SKPNZ  SerialServo.asm Line#1549
#106 Unprocessed Opcode SKPNZ  SerialServo.asm Line#1554
#106 Unprocessed Opcode SKPNZ  SerialServo.asm Line#1574
#106 Unprocessed Opcode SKPNZ  SerialServo.asm Line#1582
#106 Unprocessed Opcode SKPNZ  SerialServo.asm Line#1590
#106 Unprocessed Opcode SKPZ  SerialServo.asm Line#1644
#106 Unprocessed Opcode SKPNZ  SerialServo.asm Line#1648
#106 Unprocessed Opcode SKPZ  SerialServo.asm Line#1729
#106 Unprocessed Opcode SKPNZ  SerialServo.asm Line#1733
#106 Unprocessed Opcode SKPZ  SerialServo.asm Line#1743
#106 Unprocessed Opcode SKPZ  SerialServoCmds.inc Line#107
#106 Unprocessed Opcode SKPZ  SerialServoCmds.inc Line#124
#106 Unprocessed Opcode SKPZ  SerialServoCmds.inc Line#135
#106 Unprocessed Opcode SKPZ  SerialServoCmds.inc Line#148
#106 Unprocessed Opcode SKPZ  SerialServoCmds.inc Line#161
#106 Unprocessed Opcode SKPZ  SerialServoCmds.inc Line#172
#106 Unprocessed Opcode SKPZ  SerialServoCmds.inc Line#183
#106 Unprocessed Opcode SKPZ  SerialServoCmds.inc Line#196
#106 Unprocessed Opcode SKPZ  SerialServoCmds.inc Line#209
#106 Unprocessed Opcode SKPZ  SerialServoCmds.inc Line#222
#106 Unprocessed Opcode SKPZ  SerialServoCmds.inc Line#235
#106 Unprocessed Opcode SKPZ  SerialServoCmds.inc Line#248
#106 Unprocessed Opcode SKPZ  SerialServoCmds.inc Line#261
#106 Unprocessed Opcode SKPZ  SerialServoCmds.inc Line#274
#106 Unprocessed Opcode SKPZ  SerialServoCmds.inc Line#287
#106 Unprocessed Opcode SKPNZ  SerialServoCmds.inc Line#292
#106 Unprocessed Opcode SKPZ  SerialServoCmds.inc Line#299
#106 Unprocessed Opcode SKPZ  SerialServoCmds.inc Line#308
#106 Unprocessed Opcode SKPNZ  SerialServoCmds.inc Line#313
#106 Unprocessed Opcode SKPZ  SerialServoCmds.inc Line#320
#106 Unprocessed Opcode SKPZ  SerialServoCmds.inc Line#330
#106 Unprocessed Opcode SKPZ  SerialServoCmds.inc Line#341
#106 Unprocessed Opcode SKPZ  SerialServoCmds.inc Line#352
#106 Unprocessed Opcode SKPZ  SerialServoCmds.inc Line#362
#106 Unprocessed Opcode SKPZ  SerialServoCmds.inc Line#371
#106 Unprocessed Opcode SKPNZ  SerialServoCmds.inc Line#376
#106 Unprocessed Opcode SKPZ  SerialServoCmds.inc Line#383
#106 Unprocessed Opcode SKPZ  SerialServoCmds.inc Line#392
#106 Unprocessed Opcode SKPZ  SerialServoCmds.inc Line#401
#106 Unprocessed Opcode SKPZ  SerialServoCmds.inc Line#410
#106 Unprocessed Opcode SKPNZ  SerialServoCmds.inc Line#415
#106 Unprocessed Opcode SKPZ  SerialServoCmds.inc Line#422
#106 Unprocessed Opcode SKPZ  SerialServoCmds.inc Line#431
#106 Unprocessed Opcode SKPZ  SerialServoCmds.inc Line#442
#106 Unprocessed Opcode SKPZ  SerialServoCmds.inc Line#453
#106 Unprocessed Opcode SKPZ  SerialServoCmds.inc Line#474
#106 Unprocessed Opcode SKPZ  SerialServoCmds.inc Line#496
#106 Unprocessed Opcode SKPZ  SerialServoCmds.inc Line#537
#106 Unprocessed Opcode SKPZ  SerialServoCmds.inc Line#577
#106 Unprocessed Opcode SKPZ  SerialServoCmds.inc Line#592
#106 Unprocessed Opcode SKPZ  SerialServoCmds.inc Line#600
#106 Unprocessed Opcode SKPZ  SerialServoCmds.inc Line#618
#106 Unprocessed Opcode SKPZ  SerialServoCmds.inc Line#630
#106 Unprocessed Opcode SKPZ  SerialServoCmds.inc Line#642
#106 Unprocessed Opcode SKPZ  SerialServoCmds.inc Line#656
#106 Unprocessed Opcode SKPZ  SerialServoCmds.inc Line#669
#106 Unprocessed Opcode SKPZ  SerialServoCmds.inc Line#688
#106 Unprocessed Opcode SKPZ  SerialServoCmds.inc Line#696
#106 Unprocessed Opcode SKPZ  SerialServoCmds.inc Line#704
#106 Unprocessed Opcode SKPZ  SerialServoCmds.inc Line#730
#106 Unprocessed Opcode SKPZ  SerialServoCmds.inc Line#752
#106 Unprocessed Opcode SKPZ  SerialServoCmds.inc Line#759
#106 Unprocessed Opcode SKPZ  SerialServoCmds.inc Line#769
#106 Unprocessed Opcode SKPZ  SerialServoCmds.inc Line#779
#106 Unprocessed Opcode SKPZ  SerialServoCmds.inc Line#789
#106 Unprocessed Opcode SKPNZ  SerialServoCmds.inc Line#795
#106 Unprocessed Opcode SKPZ  BootLoader.inc Line#121
#106 Unprocessed Opcode SKPZ  BootLoader.inc Line#163
#106 Unprocessed Opcode SKPNZ  BootLoader.inc Line#171
#106 Unprocessed Opcode SKPZ  BootLoader.inc Line#208
#106 Unprocessed Opcode SKPZ  BootLoader.inc Line#227
#106 Unprocessed Opcode SKPZ  BootLoader.inc Line#237
#106 Unprocessed Opcode SKPZ  BootLoader.inc Line#247
#106 Unprocessed Opcode SKPNZ  BootLoader.inc Line#255
#106 Unprocessed Opcode SKPZ  BootLoader.inc Line#261
#106 Unprocessed Opcode SKPZ  BootLoader.inc Line#271
#106 Unprocessed Opcode SKPZ  BootLoader.inc Line#277
#106 Unprocessed Opcode SKPZ  BootLoader.inc Line#284
#106 Unprocessed Opcode SKPZ  BootLoader.inc Line#297
#106 Unprocessed Opcode SKPZ  BootLoader.inc Line#308
#106 Unprocessed Opcode SKPZ  BootLoader.inc Line#319
#106 Unprocessed Opcode SKPZ  BootLoader.inc Line#344
#106 Unprocessed Opcode SKPZ  BootLoader.inc Line#361
#106 Unprocessed Opcode SKPNZ  BootLoader.inc Line#370
#106 Unprocessed Opcode SKPNZ  BootLoader.inc Line#415
#106 Unprocessed Opcode SKPZ  BootLoader.inc Line#479
#106 Unprocessed Opcode SKPZ  BootLoader.inc Line#557
#106 Unprocessed Opcode SKPZ  BootLoader.inc Line#562
#106 Unprocessed Opcode SKPZ  BootLoader.inc Line#583
#106 Unprocessed Opcode SKPZ  BootLoader.inc Line#586
#106 Unprocessed Opcode SKPZ  BootLoader.inc Line#594
#106 Unprocessed Opcode SKPZ  BootLoader.inc Line#598
